# JRE version: OpenJDK Runtime Environment Temurin-21.0.10+7 (21.0.10+7) (build 21.0.10+7-LTS)
# Java VM: OpenJDK 64-Bit Server VM Temurin-21.0.10+7 (21.0.10+7-LTS, mixed mode, sharing, tiered, compressed oops, compressed class ptrs, parallel gc, windows-amd64)
GC Precious Log:
 CardTable entry size: 512
 CPUs: 4 total, 4 available
 Memory: 8104M
 Large Page Support: Disabled
 NUMA Support: Disabled
 Compressed Oops: Enabled (32-bit)
 Alignments: Space 512K, Generation 512K, Heap 2M
 Heap Min Capacity: 100M
 Heap Initial Capacity: 100M
 Heap Max Capacity: 2G
 Pre-touch: Disabled
 Parallel Workers: 4
Heap:
 PSYoungGen      total 20480K, used 8043K [0x00000000d5580000, 0x00000000d6f00000, 0x0000000100000000)
  eden space 16896K, 43% used [0x00000000d5580000,0x00000000d5cbdb38,0x00000000d6600000)
  from space 3584K, 17% used [0x00000000d6880000,0x00000000d691d200,0x00000000d6c00000)
  to   space 1536K, 0% used [0x00000000d6d80000,0x00000000d6d80000,0x00000000d6f00000)
 ParOldGen       total 83968K, used 83618K [0x0000000080000000, 0x0000000085200000, 0x00000000d5580000)
  object space 83968K, 99% used [0x0000000080000000,0x00000000851a8a38,0x0000000085200000)
 Metaspace       used 66909K, committed 68416K, reserved 1114112K
  class space    used 6956K, committed 7616K, reserved 1048576K
GC Heap History (20 events):
Event: 31.148 GC heap before
{Heap before GC invocations=85 (full 3):
 PSYoungGen      total 17920K, used 17792K [0x00000000d5580000, 0x00000000d6800000, 0x0000000100000000)
  eden space 17408K, 100% used [0x00000000d5580000,0x00000000d6680000,0x00000000d6680000)
  from space 512K, 75% used [0x00000000d6700000,0x00000000d6760000,0x00000000d6780000)
  to   space 512K, 0% used [0x00000000d6780000,0x00000000d6780000,0x00000000d6800000)
 ParOldGen       total 71168K, used 70846K [0x0000000080000000, 0x0000000084580000, 0x00000000d5580000)
  object space 71168K, 99% used [0x0000000080000000,0x000000008452fbf0,0x0000000084580000)
 Metaspace       used 59547K, committed 60992K, reserved 1114112K
  class space    used 6343K, committed 6976K, reserved 1048576K
}
Event: 31.151 GC heap after
{Heap after GC invocations=85 (full 3):
 PSYoungGen      total 17408K, used 512K [0x00000000d5580000, 0x00000000d6980000, 0x0000000100000000)
  eden space 16896K, 0% used [0x00000000d5580000,0x00000000d5580000,0x00000000d6600000)
  from space 512K, 100% used [0x00000000d6780000,0x00000000d6800000,0x00000000d6800000)
  to   space 1536K, 0% used [0x00000000d6600000,0x00000000d6600000,0x00000000d6780000)
 ParOldGen       total 71680K, used 71275K [0x0000000080000000, 0x0000000084600000, 0x00000000d5580000)
  object space 71680K, 99% used [0x0000000080000000,0x000000008459ac30,0x0000000084600000)
 Metaspace       used 59547K, committed 60992K, reserved 1114112K
  class space    used 6343K, committed 6976K, reserved 1048576K
}
Event: 31.330 GC heap before
{Heap before GC invocations=86 (full 3):
 PSYoungGen      total 17408K, used 17400K [0x00000000d5580000, 0x00000000d6980000, 0x0000000100000000)
  eden space 16896K, 99% used [0x00000000d5580000,0x00000000d65fe008,0x00000000d6600000)
  from space 512K, 100% used [0x00000000d6780000,0x00000000d6800000,0x00000000d6800000)
  to   space 1536K, 0% used [0x00000000d6600000,0x00000000d6600000,0x00000000d6780000)
 ParOldGen       total 71680K, used 71275K [0x0000000080000000, 0x0000000084600000, 0x00000000d5580000)
  object space 71680K, 99% used [0x0000000080000000,0x000000008459ac30,0x0000000084600000)
 Metaspace       used 59961K, committed 61376K, reserved 1114112K
  class space    used 6377K, committed 6976K, reserved 1048576K
}
Event: 31.333 GC heap after
{Heap after GC invocations=86 (full 3):
 PSYoungGen      total 18432K, used 1008K [0x00000000d5580000, 0x00000000d6900000, 0x0000000100000000)
  eden space 16896K, 0% used [0x00000000d5580000,0x00000000d5580000,0x00000000d6600000)
  from space 1536K, 65% used [0x00000000d6600000,0x00000000d66fc010,0x00000000d6780000)
  to   space 1536K, 0% used [0x00000000d6780000,0x00000000d6780000,0x00000000d6900000)
 ParOldGen       total 71680K, used 71603K [0x0000000080000000, 0x0000000084600000, 0x00000000d5580000)
  object space 71680K, 99% used [0x0000000080000000,0x00000000845ecc30,0x0000000084600000)
 Metaspace       used 59961K, committed 61376K, reserved 1114112K
  class space    used 6377K, committed 6976K, reserved 1048576K
}
Event: 31.650 GC heap before
{Heap before GC invocations=87 (full 3):
 PSYoungGen      total 18432K, used 17897K [0x00000000d5580000, 0x00000000d6900000, 0x0000000100000000)
  eden space 16896K, 99% used [0x00000000d5580000,0x00000000d65fe688,0x00000000d6600000)
  from space 1536K, 65% used [0x00000000d6600000,0x00000000d66fc010,0x00000000d6780000)
  to   space 1536K, 0% used [0x00000000d6780000,0x00000000d6780000,0x00000000d6900000)
 ParOldGen       total 71680K, used 71603K [0x0000000080000000, 0x0000000084600000, 0x00000000d5580000)
  object space 71680K, 99% used [0x0000000080000000,0x00000000845ecc30,0x0000000084600000)
 Metaspace       used 60530K, committed 61952K, reserved 1114112K
  class space    used 6435K, committed 7040K, reserved 1048576K
}
Event: 31.657 GC heap after
{Heap after GC invocations=87 (full 3):
 PSYoungGen      total 18432K, used 1374K [0x00000000d5580000, 0x00000000d6900000, 0x0000000100000000)
  eden space 16896K, 0% used [0x00000000d5580000,0x00000000d5580000,0x00000000d6600000)
  from space 1536K, 89% used [0x00000000d6780000,0x00000000d68d7a50,0x00000000d6900000)
  to   space 1536K, 0% used [0x00000000d6600000,0x00000000d6600000,0x00000000d6780000)
 ParOldGen       total 72704K, used 72395K [0x0000000080000000, 0x0000000084700000, 0x00000000d5580000)
  object space 72704K, 99% used [0x0000000080000000,0x00000000846b2c60,0x0000000084700000)
 Metaspace       used 60530K, committed 61952K, reserved 1114112K
  class space    used 6435K, committed 7040K, reserved 1048576K
}
Event: 32.627 GC heap before
{Heap before GC invocations=88 (full 3):
 PSYoungGen      total 18432K, used 18270K [0x00000000d5580000, 0x00000000d6900000, 0x0000000100000000)
  eden space 16896K, 100% used [0x00000000d5580000,0x00000000d6600000,0x00000000d6600000)
  from space 1536K, 89% used [0x00000000d6780000,0x00000000d68d7a50,0x00000000d6900000)
  to   space 1536K, 0% used [0x00000000d6600000,0x00000000d6600000,0x00000000d6780000)
 ParOldGen       total 72704K, used 72395K [0x0000000080000000, 0x0000000084700000, 0x00000000d5580000)
  object space 72704K, 99% used [0x0000000080000000,0x00000000846b2c60,0x0000000084700000)
 Metaspace       used 61497K, committed 62848K, reserved 1114112K
  class space    used 6515K, committed 7104K, reserved 1048576K
}
Event: 32.636 GC heap after
{Heap after GC invocations=88 (full 3):
 PSYoungGen      total 18432K, used 1515K [0x00000000d5580000, 0x00000000d6d00000, 0x0000000100000000)
  eden space 16896K, 0% used [0x00000000d5580000,0x00000000d5580000,0x00000000d6600000)
  from space 1536K, 98% used [0x00000000d6600000,0x00000000d677ae48,0x00000000d6780000)
  to   space 3584K, 0% used [0x00000000d6980000,0x00000000d6980000,0x00000000d6d00000)
 ParOldGen       total 74240K, used 73747K [0x0000000080000000, 0x0000000084880000, 0x00000000d5580000)
  object space 74240K, 99% used [0x0000000080000000,0x0000000084804f90,0x0000000084880000)
 Metaspace       used 61497K, committed 62848K, reserved 1114112K
  class space    used 6515K, committed 7104K, reserved 1048576K
}
Event: 34.692 GC heap before
{Heap before GC invocations=89 (full 3):
 PSYoungGen      total 18432K, used 18361K [0x00000000d5580000, 0x00000000d6d00000, 0x0000000100000000)
  eden space 16896K, 99% used [0x00000000d5580000,0x00000000d65f3908,0x00000000d6600000)
  from space 1536K, 98% used [0x00000000d6600000,0x00000000d677ae48,0x00000000d6780000)
  to   space 3584K, 0% used [0x00000000d6980000,0x00000000d6980000,0x00000000d6d00000)
 ParOldGen       total 74240K, used 73747K [0x0000000080000000, 0x0000000084880000, 0x00000000d5580000)
  object space 74240K, 99% used [0x0000000080000000,0x0000000084804f90,0x0000000084880000)
 Metaspace       used 63290K, committed 64704K, reserved 1114112K
  class space    used 6681K, committed 7296K, reserved 1048576K
}
Event: 34.698 GC heap after
{Heap after GC invocations=89 (full 3):
 PSYoungGen      total 18944K, used 1662K [0x00000000d5580000, 0x00000000d6b80000, 0x0000000100000000)
  eden space 16896K, 0% used [0x00000000d5580000,0x00000000d5580000,0x00000000d6600000)
  from space 2048K, 81% used [0x00000000d6980000,0x00000000d6b1f8a0,0x00000000d6b80000)
  to   space 2560K, 0% used [0x00000000d6680000,0x00000000d6680000,0x00000000d6900000)
 ParOldGen       total 75264K, used 75063K [0x0000000080000000, 0x0000000084980000, 0x00000000d5580000)
  object space 75264K, 99% used [0x0000000080000000,0x000000008494df60,0x0000000084980000)
 Metaspace       used 63290K, committed 64704K, reserved 1114112K
  class space    used 6681K, committed 7296K, reserved 1048576K
}
Event: 35.174 GC heap before
{Heap before GC invocations=90 (full 3):
 PSYoungGen      total 18944K, used 18558K [0x00000000d5580000, 0x00000000d6b80000, 0x0000000100000000)
  eden space 16896K, 100% used [0x00000000d5580000,0x00000000d6600000,0x00000000d6600000)
  from space 2048K, 81% used [0x00000000d6980000,0x00000000d6b1f8a0,0x00000000d6b80000)
  to   space 2560K, 0% used [0x00000000d6680000,0x00000000d6680000,0x00000000d6900000)
 ParOldGen       total 75264K, used 75063K [0x0000000080000000, 0x0000000084980000, 0x00000000d5580000)
  object space 75264K, 99% used [0x0000000080000000,0x000000008494df60,0x0000000084980000)
 Metaspace       used 63993K, committed 65472K, reserved 1114112K
  class space    used 6732K, committed 7360K, reserved 1048576K
}
Event: 35.180 GC heap after
{Heap after GC invocations=90 (full 3):
 PSYoungGen      total 19456K, used 2553K [0x00000000d5580000, 0x00000000d7300000, 0x0000000100000000)
  eden space 16896K, 0% used [0x00000000d5580000,0x00000000d5580000,0x00000000d6600000)
  from space 2560K, 99% used [0x00000000d6680000,0x00000000d68fe6b0,0x00000000d6900000)
  to   space 6656K, 0% used [0x00000000d6c80000,0x00000000d6c80000,0x00000000d7300000)
 ParOldGen       total 78336K, used 78172K [0x0000000080000000, 0x0000000084c80000, 0x00000000d5580000)
  object space 78336K, 99% used [0x0000000080000000,0x0000000084c57018,0x0000000084c80000)
 Metaspace       used 63993K, committed 65472K, reserved 1114112K
  class space    used 6732K, committed 7360K, reserved 1048576K
}
Event: 35.843 GC heap before
{Heap before GC invocations=91 (full 3):
 PSYoungGen      total 19456K, used 19376K [0x00000000d5580000, 0x00000000d7300000, 0x0000000100000000)
  eden space 16896K, 99% used [0x00000000d5580000,0x00000000d65ed998,0x00000000d6600000)
  from space 2560K, 99% used [0x00000000d6680000,0x00000000d68fe6b0,0x00000000d6900000)
  to   space 6656K, 0% used [0x00000000d6c80000,0x00000000d6c80000,0x00000000d7300000)
 ParOldGen       total 78336K, used 78172K [0x0000000080000000, 0x0000000084c80000, 0x00000000d5580000)
  object space 78336K, 99% used [0x0000000080000000,0x0000000084c57018,0x0000000084c80000)
 Metaspace       used 64657K, committed 66048K, reserved 1114112K
  class space    used 6778K, committed 7360K, reserved 1048576K
}
Event: 35.850 GC heap after
{Heap after GC invocations=91 (full 3):
 PSYoungGen      total 22016K, used 4823K [0x00000000d5580000, 0x00000000d7180000, 0x0000000100000000)
  eden space 16896K, 0% used [0x00000000d5580000,0x00000000d5580000,0x00000000d6600000)
  from space 5120K, 94% used [0x00000000d6c80000,0x00000000d7135f38,0x00000000d7180000)
  to   space 5120K, 0% used [0x00000000d6780000,0x00000000d6780000,0x00000000d6c80000)
 ParOldGen       total 78848K, used 78776K [0x0000000080000000, 0x0000000084d00000, 0x00000000d5580000)
  object space 78848K, 99% used [0x0000000080000000,0x0000000084cee218,0x0000000084d00000)
 Metaspace       used 64657K, committed 66048K, reserved 1114112K
  class space    used 6778K, committed 7360K, reserved 1048576K
}
Event: 36.104 GC heap before
{Heap before GC invocations=92 (full 3):
 PSYoungGen      total 22016K, used 21719K [0x00000000d5580000, 0x00000000d7180000, 0x0000000100000000)
  eden space 16896K, 100% used [0x00000000d5580000,0x00000000d6600000,0x00000000d6600000)
  from space 5120K, 94% used [0x00000000d6c80000,0x00000000d7135f38,0x00000000d7180000)
  to   space 5120K, 0% used [0x00000000d6780000,0x00000000d6780000,0x00000000d6c80000)
 ParOldGen       total 78848K, used 78778K [0x0000000080000000, 0x0000000084d00000, 0x00000000d5580000)
  object space 78848K, 99% used [0x0000000080000000,0x0000000084ceea18,0x0000000084d00000)
 Metaspace       used 65523K, committed 66944K, reserved 1114112K
  class space    used 6861K, committed 7488K, reserved 1048576K
}
Event: 36.114 GC heap after
{Heap after GC invocations=92 (full 3):
 PSYoungGen      total 22016K, used 5102K [0x00000000d5580000, 0x00000000d7700000, 0x0000000100000000)
  eden space 16896K, 0% used [0x00000000d5580000,0x00000000d5580000,0x00000000d6600000)
  from space 5120K, 99% used [0x00000000d6780000,0x00000000d6c7ba88,0x00000000d6c80000)
  to   space 8704K, 0% used [0x00000000d6e80000,0x00000000d6e80000,0x00000000d7700000)
 ParOldGen       total 81920K, used 81425K [0x0000000080000000, 0x0000000085000000, 0x00000000d5580000)
  object space 81920K, 99% used [0x0000000080000000,0x0000000084f844e0,0x0000000085000000)
 Metaspace       used 65523K, committed 66944K, reserved 1114112K
  class space    used 6861K, committed 7488K, reserved 1048576K
}
Event: 36.677 GC heap before
{Heap before GC invocations=93 (full 3):
 PSYoungGen      total 22016K, used 21998K [0x00000000d5580000, 0x00000000d7700000, 0x0000000100000000)
  eden space 16896K, 100% used [0x00000000d5580000,0x00000000d6600000,0x00000000d6600000)
  from space 5120K, 99% used [0x00000000d6780000,0x00000000d6c7ba88,0x00000000d6c80000)
  to   space 8704K, 0% used [0x00000000d6e80000,0x00000000d6e80000,0x00000000d7700000)
 ParOldGen       total 81920K, used 81425K [0x0000000080000000, 0x0000000085000000, 0x00000000d5580000)
  object space 81920K, 99% used [0x0000000080000000,0x0000000084f844e0,0x0000000085000000)
 Metaspace       used 66335K, committed 67840K, reserved 1114112K
  class space    used 6939K, committed 7552K, reserved 1048576K
}
Event: 36.683 GC heap after
{Heap after GC invocations=93 (full 3):
 PSYoungGen      total 17920K, used 564K [0x00000000d5580000, 0x00000000d6f80000, 0x0000000100000000)
  eden space 16896K, 0% used [0x00000000d5580000,0x00000000d5580000,0x00000000d6600000)
  from space 1024K, 55% used [0x00000000d6e80000,0x00000000d6f0d128,0x00000000d6f80000)
  to   space 3584K, 0% used [0x00000000d6880000,0x00000000d6880000,0x00000000d6c00000)
 ParOldGen       total 83456K, used 83156K [0x0000000080000000, 0x0000000085180000, 0x00000000d5580000)
  object space 83456K, 99% used [0x0000000080000000,0x0000000085135048,0x0000000085180000)
 Metaspace       used 66335K, committed 67840K, reserved 1114112K
  class space    used 6939K, committed 7552K, reserved 1048576K
}
Event: 37.207 GC heap before
{Heap before GC invocations=94 (full 3):
 PSYoungGen      total 17920K, used 17460K [0x00000000d5580000, 0x00000000d6f80000, 0x0000000100000000)
  eden space 16896K, 100% used [0x00000000d5580000,0x00000000d6600000,0x00000000d6600000)
  from space 1024K, 55% used [0x00000000d6e80000,0x00000000d6f0d128,0x00000000d6f80000)
  to   space 3584K, 0% used [0x00000000d6880000,0x00000000d6880000,0x00000000d6c00000)
 ParOldGen       total 83456K, used 83156K [0x0000000080000000, 0x0000000085180000, 0x00000000d5580000)
  object space 83456K, 99% used [0x0000000080000000,0x0000000085135048,0x0000000085180000)
 Metaspace       used 66776K, committed 68288K, reserved 1114112K
  class space    used 6954K, committed 7616K, reserved 1048576K
}
Event: 37.209 GC heap after
{Heap after GC invocations=94 (full 3):
 PSYoungGen      total 20480K, used 628K [0x00000000d5580000, 0x00000000d6f00000, 0x0000000100000000)
  eden space 16896K, 0% used [0x00000000d5580000,0x00000000d5580000,0x00000000d6600000)
  from space 3584K, 17% used [0x00000000d6880000,0x00000000d691d200,0x00000000d6c00000)
  to   space 1536K, 0% used [0x00000000d6d80000,0x00000000d6d80000,0x00000000d6f00000)
 ParOldGen       total 83968K, used 83618K [0x0000000080000000, 0x0000000085200000, 0x00000000d5580000)
  object space 83968K, 99% used [0x0000000080000000,0x00000000851a8a38,0x0000000085200000)
 Metaspace       used 66776K, committed 68288K, reserved 1114112K
  class space    used 6954K, committed 7616K, reserved 1048576K
}

