# JRE version: OpenJDK Runtime Environment Temurin-21.0.10+7 (21.0.10+7) (build 21.0.10+7-LTS)
# Java VM: OpenJDK 64-Bit Server VM Temurin-21.0.10+7 (21.0.10+7-LTS, mixed mode, sharing, tiered, compressed oops, compressed class ptrs, parallel gc, windows-amd64)
GC Precious Log:
 CardTable entry size: 512
 CPUs: 4 total, 4 available
 Memory: 8104M
 Large Page Support: Disabled
 NUMA Support: Disabled
 Compressed Oops: Enabled (32-bit)
 Alignments: Space 512K, Generation 512K, Heap 2M
 Heap Min Capacity: 100M
 Heap Initial Capacity: 100M
 Heap Max Capacity: 2G
 Pre-touch: Disabled
 Parallel Workers: 4
Heap:
 PSYoungGen      total 17920K, used 14454K [0x00000000d5580000, 0x00000000d7080000, 0x0000000100000000)
  eden space 14336K, 75% used [0x00000000d5580000,0x00000000d601f1d0,0x00000000d6380000)
  from space 3584K, 99% used [0x00000000d6380000,0x00000000d66fe658,0x00000000d6700000)
  to   space 6656K, 0% used [0x00000000d6a00000,0x00000000d6a00000,0x00000000d7080000)
 ParOldGen       total 80384K, used 80380K [0x0000000080000000, 0x0000000084e80000, 0x00000000d5580000)
  object space 80384K, 99% used [0x0000000080000000,0x0000000084e7f310,0x0000000084e80000)
 Metaspace       used 68089K, committed 69568K, reserved 1114112K
  class space    used 7102K, committed 7744K, reserved 1048576K
GC Heap History (20 events):
Event: 46.271 GC heap before
{Heap before GC invocations=75 (full 3):
 PSYoungGen      total 18944K, used 18496K [0x00000000d5580000, 0x00000000d6a00000, 0x0000000100000000)
  eden space 16896K, 100% used [0x00000000d5580000,0x00000000d6600000,0x00000000d6600000)
  from space 2048K, 78% used [0x00000000d6600000,0x00000000d6790020,0x00000000d6800000)
  to   space 2048K, 0% used [0x00000000d6800000,0x00000000d6800000,0x00000000d6a00000)
 ParOldGen       total 68608K, used 66446K [0x0000000080000000, 0x0000000084300000, 0x00000000d5580000)
  object space 68608K, 96% used [0x0000000080000000,0x00000000840e3ab8,0x0000000084300000)
 Metaspace       used 60719K, committed 62144K, reserved 1114112K
  class space    used 6442K, committed 7040K, reserved 1048576K
}
Event: 46.276 GC heap after
{Heap after GC invocations=75 (full 3):
 PSYoungGen      total 17920K, used 832K [0x00000000d5580000, 0x00000000d6900000, 0x0000000100000000)
  eden space 16896K, 0% used [0x00000000d5580000,0x00000000d5580000,0x00000000d6600000)
  from space 1024K, 81% used [0x00000000d6800000,0x00000000d68d0000,0x00000000d6900000)
  to   space 1536K, 0% used [0x00000000d6600000,0x00000000d6600000,0x00000000d6780000)
 ParOldGen       total 68608K, used 67502K [0x0000000080000000, 0x0000000084300000, 0x00000000d5580000)
  object space 68608K, 98% used [0x0000000080000000,0x00000000841ebab8,0x0000000084300000)
 Metaspace       used 60719K, committed 62144K, reserved 1114112K
  class space    used 6442K, committed 7040K, reserved 1048576K
}
Event: 47.818 GC heap before
{Heap before GC invocations=76 (full 3):
 PSYoungGen      total 17920K, used 17728K [0x00000000d5580000, 0x00000000d6900000, 0x0000000100000000)
  eden space 16896K, 100% used [0x00000000d5580000,0x00000000d6600000,0x00000000d6600000)
  from space 1024K, 81% used [0x00000000d6800000,0x00000000d68d0000,0x00000000d6900000)
  to   space 1536K, 0% used [0x00000000d6600000,0x00000000d6600000,0x00000000d6780000)
 ParOldGen       total 68608K, used 67502K [0x0000000080000000, 0x0000000084300000, 0x00000000d5580000)
  object space 68608K, 98% used [0x0000000080000000,0x00000000841ebab8,0x0000000084300000)
 Metaspace       used 61559K, committed 62976K, reserved 1114112K
  class space    used 6513K, committed 7104K, reserved 1048576K
}
Event: 47.824 GC heap after
{Heap after GC invocations=76 (full 3):
 PSYoungGen      total 18432K, used 1512K [0x00000000d5580000, 0x00000000d6c00000, 0x0000000100000000)
  eden space 16896K, 0% used [0x00000000d5580000,0x00000000d5580000,0x00000000d6600000)
  from space 1536K, 98% used [0x00000000d6600000,0x00000000d677a2b8,0x00000000d6780000)
  to   space 3072K, 0% used [0x00000000d6900000,0x00000000d6900000,0x00000000d6c00000)
 ParOldGen       total 68608K, used 68398K [0x0000000080000000, 0x0000000084300000, 0x00000000d5580000)
  object space 68608K, 99% used [0x0000000080000000,0x00000000842cb838,0x0000000084300000)
 Metaspace       used 61559K, committed 62976K, reserved 1114112K
  class space    used 6513K, committed 7104K, reserved 1048576K
}
Event: 50.400 GC heap before
{Heap before GC invocations=77 (full 3):
 PSYoungGen      total 18432K, used 18408K [0x00000000d5580000, 0x00000000d6c00000, 0x0000000100000000)
  eden space 16896K, 100% used [0x00000000d5580000,0x00000000d6600000,0x00000000d6600000)
  from space 1536K, 98% used [0x00000000d6600000,0x00000000d677a2b8,0x00000000d6780000)
  to   space 3072K, 0% used [0x00000000d6900000,0x00000000d6900000,0x00000000d6c00000)
 ParOldGen       total 68608K, used 68398K [0x0000000080000000, 0x0000000084300000, 0x00000000d5580000)
  object space 68608K, 99% used [0x0000000080000000,0x00000000842cb838,0x0000000084300000)
 Metaspace       used 63251K, committed 64704K, reserved 1114112K
  class space    used 6679K, committed 7296K, reserved 1048576K
}
Event: 50.404 GC heap after
{Heap after GC invocations=77 (full 3):
 PSYoungGen      total 18944K, used 1612K [0x00000000d5580000, 0x00000000d6b00000, 0x0000000100000000)
  eden space 16896K, 0% used [0x00000000d5580000,0x00000000d5580000,0x00000000d6600000)
  from space 2048K, 78% used [0x00000000d6900000,0x00000000d6a93020,0x00000000d6b00000)
  to   space 2048K, 0% used [0x00000000d6700000,0x00000000d6700000,0x00000000d6900000)
 ParOldGen       total 70144K, used 69814K [0x0000000080000000, 0x0000000084480000, 0x00000000d5580000)
  object space 70144K, 99% used [0x0000000080000000,0x000000008442dac8,0x0000000084480000)
 Metaspace       used 63251K, committed 64704K, reserved 1114112K
  class space    used 6679K, committed 7296K, reserved 1048576K
}
Event: 51.524 GC heap before
{Heap before GC invocations=78 (full 3):
 PSYoungGen      total 18944K, used 18508K [0x00000000d5580000, 0x00000000d6b00000, 0x0000000100000000)
  eden space 16896K, 100% used [0x00000000d5580000,0x00000000d6600000,0x00000000d6600000)
  from space 2048K, 78% used [0x00000000d6900000,0x00000000d6a93020,0x00000000d6b00000)
  to   space 2048K, 0% used [0x00000000d6700000,0x00000000d6700000,0x00000000d6900000)
 ParOldGen       total 70144K, used 69814K [0x0000000080000000, 0x0000000084480000, 0x00000000d5580000)
  object space 70144K, 99% used [0x0000000080000000,0x000000008442dac8,0x0000000084480000)
 Metaspace       used 64084K, committed 65472K, reserved 1114112K
  class space    used 6736K, committed 7360K, reserved 1048576K
}
Event: 51.528 GC heap after
{Heap after GC invocations=78 (full 3):
 PSYoungGen      total 18432K, used 1400K [0x00000000d5580000, 0x00000000d6980000, 0x0000000100000000)
  eden space 16896K, 0% used [0x00000000d5580000,0x00000000d5580000,0x00000000d6600000)
  from space 1536K, 91% used [0x00000000d6700000,0x00000000d685e3e8,0x00000000d6880000)
  to   space 1024K, 0% used [0x00000000d6880000,0x00000000d6880000,0x00000000d6980000)
 ParOldGen       total 71680K, used 71285K [0x0000000080000000, 0x0000000084600000, 0x00000000d5580000)
  object space 71680K, 99% used [0x0000000080000000,0x000000008459d460,0x0000000084600000)
 Metaspace       used 64084K, committed 65472K, reserved 1114112K
  class space    used 6736K, committed 7360K, reserved 1048576K
}
Event: 52.924 GC heap before
{Heap before GC invocations=79 (full 3):
 PSYoungGen      total 18432K, used 18296K [0x00000000d5580000, 0x00000000d6980000, 0x0000000100000000)
  eden space 16896K, 100% used [0x00000000d5580000,0x00000000d6600000,0x00000000d6600000)
  from space 1536K, 91% used [0x00000000d6700000,0x00000000d685e3e8,0x00000000d6880000)
  to   space 1024K, 0% used [0x00000000d6880000,0x00000000d6880000,0x00000000d6980000)
 ParOldGen       total 71680K, used 71285K [0x0000000080000000, 0x0000000084600000, 0x00000000d5580000)
  object space 71680K, 99% used [0x0000000080000000,0x000000008459d460,0x0000000084600000)
 Metaspace       used 64751K, committed 66176K, reserved 1114112K
  class space    used 6791K, committed 7424K, reserved 1048576K
}
Event: 52.928 GC heap after
{Heap after GC invocations=79 (full 3):
 PSYoungGen      total 16896K, used 994K [0x00000000d5580000, 0x00000000d6d00000, 0x0000000100000000)
  eden space 15872K, 0% used [0x00000000d5580000,0x00000000d5580000,0x00000000d6500000)
  from space 1024K, 97% used [0x00000000d6880000,0x00000000d6978850,0x00000000d6980000)
  to   space 3584K, 0% used [0x00000000d6500000,0x00000000d6500000,0x00000000d6880000)
 ParOldGen       total 73728K, used 73432K [0x0000000080000000, 0x0000000084800000, 0x00000000d5580000)
  object space 73728K, 99% used [0x0000000080000000,0x00000000847b6310,0x0000000084800000)
 Metaspace       used 64751K, committed 66176K, reserved 1114112K
  class space    used 6791K, committed 7424K, reserved 1048576K
}
Event: 53.224 GC heap before
{Heap before GC invocations=80 (full 3):
 PSYoungGen      total 16896K, used 16866K [0x00000000d5580000, 0x00000000d6d00000, 0x0000000100000000)
  eden space 15872K, 100% used [0x00000000d5580000,0x00000000d6500000,0x00000000d6500000)
  from space 1024K, 97% used [0x00000000d6880000,0x00000000d6978850,0x00000000d6980000)
  to   space 3584K, 0% used [0x00000000d6500000,0x00000000d6500000,0x00000000d6880000)
 ParOldGen       total 73728K, used 73432K [0x0000000080000000, 0x0000000084800000, 0x00000000d5580000)
  object space 73728K, 99% used [0x0000000080000000,0x00000000847b6310,0x0000000084800000)
 Metaspace       used 65262K, committed 66688K, reserved 1114112K
  class space    used 6846K, committed 7488K, reserved 1048576K
}
Event: 53.231 GC heap after
{Heap after GC invocations=80 (full 3):
 PSYoungGen      total 18944K, used 2846K [0x00000000d5580000, 0x00000000d6b00000, 0x0000000100000000)
  eden space 15872K, 0% used [0x00000000d5580000,0x00000000d5580000,0x00000000d6500000)
  from space 3072K, 92% used [0x00000000d6500000,0x00000000d67c7bf8,0x00000000d6800000)
  to   space 3072K, 0% used [0x00000000d6800000,0x00000000d6800000,0x00000000d6b00000)
 ParOldGen       total 74752K, used 74364K [0x0000000080000000, 0x0000000084900000, 0x00000000d5580000)
  object space 74752K, 99% used [0x0000000080000000,0x000000008489f390,0x0000000084900000)
 Metaspace       used 65262K, committed 66688K, reserved 1114112K
  class space    used 6846K, committed 7488K, reserved 1048576K
}
Event: 56.080 GC heap before
{Heap before GC invocations=81 (full 3):
 PSYoungGen      total 18944K, used 18718K [0x00000000d5580000, 0x00000000d6b00000, 0x0000000100000000)
  eden space 15872K, 100% used [0x00000000d5580000,0x00000000d6500000,0x00000000d6500000)
  from space 3072K, 92% used [0x00000000d6500000,0x00000000d67c7bf8,0x00000000d6800000)
  to   space 3072K, 0% used [0x00000000d6800000,0x00000000d6800000,0x00000000d6b00000)
 ParOldGen       total 74752K, used 74364K [0x0000000080000000, 0x0000000084900000, 0x00000000d5580000)
  object space 74752K, 99% used [0x0000000080000000,0x000000008489f390,0x0000000084900000)
 Metaspace       used 66162K, committed 67584K, reserved 1114112K
  class space    used 6906K, committed 7488K, reserved 1048576K
}
Event: 56.084 GC heap after
{Heap after GC invocations=81 (full 3):
 PSYoungGen      total 16896K, used 886K [0x00000000d5580000, 0x00000000d6900000, 0x0000000100000000)
  eden space 15872K, 0% used [0x00000000d5580000,0x00000000d5580000,0x00000000d6500000)
  from space 1024K, 86% used [0x00000000d6800000,0x00000000d68dd8e8,0x00000000d6900000)
  to   space 2048K, 0% used [0x00000000d6500000,0x00000000d6500000,0x00000000d6700000)
 ParOldGen       total 76288K, used 75971K [0x0000000080000000, 0x0000000084a80000, 0x00000000d5580000)
  object space 76288K, 99% used [0x0000000080000000,0x0000000084a30cf0,0x0000000084a80000)
 Metaspace       used 66162K, committed 67584K, reserved 1114112K
  class space    used 6906K, committed 7488K, reserved 1048576K
}
Event: 56.920 GC heap before
{Heap before GC invocations=82 (full 3):
 PSYoungGen      total 16896K, used 16758K [0x00000000d5580000, 0x00000000d6900000, 0x0000000100000000)
  eden space 15872K, 100% used [0x00000000d5580000,0x00000000d6500000,0x00000000d6500000)
  from space 1024K, 86% used [0x00000000d6800000,0x00000000d68dd8e8,0x00000000d6900000)
  to   space 2048K, 0% used [0x00000000d6500000,0x00000000d6500000,0x00000000d6700000)
 ParOldGen       total 76288K, used 75971K [0x0000000080000000, 0x0000000084a80000, 0x00000000d5580000)
  object space 76288K, 99% used [0x0000000080000000,0x0000000084a30cf0,0x0000000084a80000)
 Metaspace       used 66443K, committed 67904K, reserved 1114112K
  class space    used 6909K, committed 7552K, reserved 1048576K
}
Event: 56.926 GC heap after
{Heap after GC invocations=82 (full 3):
 PSYoungGen      total 17920K, used 1156K [0x00000000d5580000, 0x00000000d6880000, 0x0000000100000000)
  eden space 15872K, 0% used [0x00000000d5580000,0x00000000d5580000,0x00000000d6500000)
  from space 2048K, 56% used [0x00000000d6500000,0x00000000d6621210,0x00000000d6700000)
  to   space 1536K, 0% used [0x00000000d6700000,0x00000000d6700000,0x00000000d6880000)
 ParOldGen       total 76800K, used 76632K [0x0000000080000000, 0x0000000084b00000, 0x00000000d5580000)
  object space 76800K, 99% used [0x0000000080000000,0x0000000084ad6020,0x0000000084b00000)
 Metaspace       used 66443K, committed 67904K, reserved 1114112K
  class space    used 6909K, committed 7552K, reserved 1048576K
}
Event: 134.828 GC heap before
{Heap before GC invocations=83 (full 3):
 PSYoungGen      total 17920K, used 17028K [0x00000000d5580000, 0x00000000d6880000, 0x0000000100000000)
  eden space 15872K, 100% used [0x00000000d5580000,0x00000000d6500000,0x00000000d6500000)
  from space 2048K, 56% used [0x00000000d6500000,0x00000000d6621210,0x00000000d6700000)
  to   space 1536K, 0% used [0x00000000d6700000,0x00000000d6700000,0x00000000d6880000)
 ParOldGen       total 76800K, used 76632K [0x0000000080000000, 0x0000000084b00000, 0x00000000d5580000)
  object space 76800K, 99% used [0x0000000080000000,0x0000000084ad6020,0x0000000084b00000)
 Metaspace       used 67084K, committed 68416K, reserved 1114112K
  class space    used 6967K, committed 7552K, reserved 1048576K
}
Event: 134.831 GC heap after
{Heap after GC invocations=83 (full 3):
 PSYoungGen      total 15872K, used 1534K [0x00000000d5580000, 0x00000000d6c00000, 0x0000000100000000)
  eden space 14336K, 0% used [0x00000000d5580000,0x00000000d5580000,0x00000000d6380000)
  from space 1536K, 99% used [0x00000000d6700000,0x00000000d687f978,0x00000000d6880000)
  to   space 3584K, 0% used [0x00000000d6380000,0x00000000d6380000,0x00000000d6700000)
 ParOldGen       total 78336K, used 78091K [0x0000000080000000, 0x0000000084c80000, 0x00000000d5580000)
  object space 78336K, 99% used [0x0000000080000000,0x0000000084c42ce8,0x0000000084c80000)
 Metaspace       used 67084K, committed 68416K, reserved 1114112K
  class space    used 6967K, committed 7552K, reserved 1048576K
}
Event: 135.043 GC heap before
{Heap before GC invocations=84 (full 3):
 PSYoungGen      total 15872K, used 15870K [0x00000000d5580000, 0x00000000d6c00000, 0x0000000100000000)
  eden space 14336K, 100% used [0x00000000d5580000,0x00000000d6380000,0x00000000d6380000)
  from space 1536K, 99% used [0x00000000d6700000,0x00000000d687f978,0x00000000d6880000)
  to   space 3584K, 0% used [0x00000000d6380000,0x00000000d6380000,0x00000000d6700000)
 ParOldGen       total 78336K, used 78091K [0x0000000080000000, 0x0000000084c80000, 0x00000000d5580000)
  object space 78336K, 99% used [0x0000000080000000,0x0000000084c42ce8,0x0000000084c80000)
 Metaspace       used 67226K, committed 68608K, reserved 1114112K
  class space    used 6993K, committed 7616K, reserved 1048576K
}
Event: 135.047 GC heap after
{Heap after GC invocations=84 (full 3):
 PSYoungGen      total 17920K, used 3577K [0x00000000d5580000, 0x00000000d7080000, 0x0000000100000000)
  eden space 14336K, 0% used [0x00000000d5580000,0x00000000d5580000,0x00000000d6380000)
  from space 3584K, 99% used [0x00000000d6380000,0x00000000d66fe658,0x00000000d6700000)
  to   space 6656K, 0% used [0x00000000d6a00000,0x00000000d6a00000,0x00000000d7080000)
 ParOldGen       total 80384K, used 80380K [0x0000000080000000, 0x0000000084e80000, 0x00000000d5580000)
  object space 80384K, 99% used [0x0000000080000000,0x0000000084e7f310,0x0000000084e80000)
 Metaspace       used 67226K, committed 68608K, reserved 1114112K
  class space    used 6993K, committed 7616K, reserved 1048576K
}

